TN:
SF:src/actionCreators.js
FN:3,setPlayerState
FN:7,setStreamUrl
FNF:2
FNH:0
FNDA:0,setPlayerState
FNDA:0,setStreamUrl
DA:1,1
DA:2,1
DA:3,1
DA:4,0
DA:5,0
DA:6,1
DA:7,1
DA:8,0
DA:9,0
LF:9
LH:5
BRF:0
BRH:0
end_of_record
TN:
SF:src/actions.js
FNF:0
FNH:0
DA:1,1
DA:2,1
DA:3,1
LF:3
LH:3
BRF:0
BRH:0
end_of_record
TN:
SF:src/components/Form.js
FN:7,Form
FN:9,Form.state
FN:10,onChange
FNF:3
FNH:2
FNDA:2,Form
FNDA:2,Form.state
FNDA:0,onChange
DA:1,1
DA:2,1
DA:3,1
DA:4,1
DA:5,1
DA:6,1
DA:7,2
DA:8,2
DA:9,2
DA:10,2
DA:11,0
DA:12,0
DA:13,2
DA:14,2
DA:15,2
DA:16,2
DA:17,2
DA:18,2
DA:19,0
DA:20,0
DA:21,0
DA:22,0
DA:23,0
DA:24,0
DA:25,1
DA:26,1
DA:27,1
DA:28,1
DA:29,1
DA:30,1
DA:31,1
DA:32,1
DA:33,1
DA:34,1
DA:35,1
DA:36,1
DA:37,1
DA:38,1
LF:38
LH:30
BRDA:7,0,0,2
BRDA:18,1,0,0
BRDA:9,2,0,2
BRF:3
BRH:2
end_of_record
TN:
SF:src/components/Image.js
FN:3,Image
FNF:1
FNH:0
FNDA:0,Image
DA:1,1
DA:2,1
DA:3,0
DA:4,0
DA:5,0
DA:6,0
DA:7,0
DA:8,1
DA:9,1
LF:9
LH:4
BRF:0
BRH:0
end_of_record
TN:
SF:src/components/SubmitButton.js
FN:5,SubmitButton
FNF:1
FNH:1
FNDA:4,SubmitButton
DA:1,1
DA:2,1
DA:3,1
DA:4,1
DA:5,4
DA:6,4
DA:7,4
DA:8,4
DA:9,4
DA:10,3
DA:11,4
DA:12,1
DA:13,4
DA:14,0
DA:15,0
DA:16,0
DA:17,0
DA:18,1
DA:19,1
DA:20,1
DA:21,1
DA:22,1
DA:23,1
DA:24,1
LF:24
LH:20
BRDA:5,0,0,4
BRDA:9,1,0,3
BRDA:11,2,0,1
BRDA:13,3,0,0
BRF:4
BRH:3
end_of_record
TN:
SF:src/components/hooks/usePlaybackConfiguration.js
FN:4,usePlaybackConfiguration
FN:5,state
FN:12,setOpts
FNF:3
FNH:3
FNDA:2,usePlaybackConfiguration
FNDA:3,state
FNDA:1,setOpts
DA:1,1
DA:2,1
DA:3,1
DA:4,2
DA:5,2
DA:6,2
DA:7,2
DA:8,1
DA:9,1
DA:10,1
DA:11,1
DA:12,1
DA:13,1
DA:14,1
DA:15,1
DA:16,1
DA:17,1
DA:18,1
DA:19,1
DA:20,1
DA:21,1
DA:22,0
DA:23,0
DA:24,2
DA:25,2
DA:26,2
DA:27,0
DA:28,1
DA:29,1
LF:29
LH:26
BRDA:4,0,0,2
BRDA:26,1,0,0
BRDA:5,2,0,3
BRDA:7,3,0,1
BRDA:21,4,0,0
BRDA:12,5,0,1
BRF:6
BRH:4
end_of_record
TN:
SF:src/components/hooks/useStorePositionTime.js
FN:5,useStorePositionTime
FN:12,interval.current.setInterval
FN:20,onPlay
FN:29,onStop
FN:36,onPlayerStateChange
FN:49,updateTime
FNF:6
FNH:1
FNDA:2,useStorePositionTime
FNDA:0,interval.current.setInterval
FNDA:0,onPlay
FNDA:0,onStop
FNDA:0,onPlayerStateChange
FNDA:0,updateTime
DA:1,1
DA:2,1
DA:3,1
DA:4,1
DA:5,2
DA:6,2
DA:7,2
DA:8,2
DA:9,2
DA:10,2
DA:11,1
DA:12,0
DA:13,0
DA:14,0
DA:15,0
DA:16,0
DA:17,0
DA:18,2
DA:19,2
DA:20,2
DA:21,0
DA:22,0
DA:23,0
DA:24,0
DA:25,0
DA:26,0
DA:27,0
DA:28,2
DA:29,2
DA:30,0
DA:31,0
DA:32,0
DA:33,0
DA:34,0
DA:35,2
DA:36,2
DA:37,0
DA:38,0
DA:39,0
DA:40,0
DA:41,0
DA:42,0
DA:43,0
DA:44,0
DA:45,0
DA:46,0
DA:47,0
DA:48,2
DA:49,2
DA:50,0
DA:51,0
DA:52,0
DA:53,0
DA:54,0
DA:55,0
DA:56,2
DA:57,2
DA:58,2
DA:59,1
DA:60,1
LF:60
LH:25
BRDA:5,0,0,2
BRDA:10,1,0,1
BRDA:11,2,0,0
BRF:3
BRH:2
end_of_record
TN:
SF:src/components/pages/Gif.js
FN:8,Gif
FN:10,onClickHandler
FNF:2
FNH:1
FNDA:1,Gif
FNDA:0,onClickHandler
DA:1,1
DA:2,1
DA:3,1
DA:4,1
DA:5,1
DA:6,1
DA:7,1
DA:8,1
DA:9,1
DA:10,1
DA:11,0
DA:12,0
DA:13,1
DA:14,1
DA:15,1
DA:16,1
DA:17,1
DA:18,1
DA:19,1
DA:20,1
DA:21,1
DA:22,1
DA:23,1
DA:24,1
DA:25,1
DA:26,1
DA:27,1
DA:28,1
DA:29,1
DA:30,1
DA:31,1
DA:32,1
LF:32
LH:30
BRDA:8,0,0,1
BRF:1
BRH:1
end_of_record
TN:
SF:src/components/pages/Home.js
FN:5,Home
FN:9,to
FNF:2
FNH:2
FNDA:1,Home
FNDA:1,to
DA:1,1
DA:2,1
DA:3,1
DA:4,1
DA:5,1
DA:6,1
DA:7,1
DA:8,1
DA:9,1
DA:10,1
DA:11,1
DA:12,1
DA:13,1
DA:14,1
DA:15,1
DA:16,1
DA:17,1
DA:18,1
DA:19,1
DA:20,1
DA:21,1
DA:22,1
DA:23,1
DA:24,1
DA:25,1
DA:26,1
DA:27,1
DA:28,1
LF:28
LH:28
BRDA:5,0,0,1
BRDA:9,1,0,1
BRF:2
BRH:2
end_of_record
TN:
SF:src/components/pages/Player.js
FN:19,Player
FN:24,onEdit
FNF:2
FNH:1
FNDA:2,Player
FNDA:0,onEdit
DA:1,1
DA:2,1
DA:3,1
DA:4,1
DA:5,1
DA:6,1
DA:7,1
DA:8,1
DA:9,1
DA:10,1
DA:11,1
DA:12,1
DA:13,1
DA:14,1
DA:15,1
DA:16,1
DA:17,1
DA:18,1
DA:19,2
DA:20,2
DA:21,2
DA:22,2
DA:23,2
DA:24,2
DA:25,0
DA:26,0
DA:27,2
DA:28,1
DA:29,1
DA:30,1
DA:31,1
DA:32,1
DA:33,1
DA:34,1
DA:35,1
DA:36,1
DA:37,1
DA:38,1
DA:39,1
DA:40,1
DA:41,1
DA:42,1
DA:43,1
DA:44,1
DA:45,1
DA:46,1
DA:47,1
DA:48,1
DA:49,1
DA:50,1
DA:51,1
DA:52,1
DA:53,1
LF:53
LH:51
BRDA:19,0,0,2
BRDA:27,1,0,1
BRF:2
BRH:2
end_of_record
TN:
SF:test/svg-mock.js
FNF:0
FNH:0
DA:1,1
LF:1
LH:1
BRF:0
BRH:0
end_of_record
